<?xml version="1.0" encoding="UTF-8"?>
<testsuite xmlns:xsi="http://www.w3.org/2001/XMLSchema-instance" xsi:noNamespaceSchemaLocation="https://maven.apache.org/surefire/maven-surefire-plugin/xsd/surefire-test-report.xsd" name="com.example.AppTest" time="0.049" tests="4" errors="0" skipped="0" failures="0">
  <properties>
[...]
</properties>
  <testcase name="validateVariables" classname="com.example.AppTest" time="0.031"/>
  <testcase name="shouldAnswerWithTrue" classname="com.example.AppTest" time="0.001"/>
  <testcase name="stringContainsName" classname="com.example.AppTest" time="0.003"/>
  <testcase name="validateArithmetic" classname="com.example.AppTest" time="0.003"/>
</testsuite>